<?xml version="1.0" encoding="UTF-8"?>
<!-- Generated by org.testng.reporters.JUnitReportReporter -->
<testsuite name="com.qa.hubspot.testcases.LoginPageTest" tests="3" time="5.579" ignored="0" failures="0" timestamp="15 Aug 2020 02:43:16 GMT" skipped="0" hostname="LAPTOP-U08S3ANA" errors="0">
  <testcase name="doLoginTest" time="0.915" classname="com.qa.hubspot.testcases.LoginPageTest"/>
  <testcase name="verifySignUpLinkTest" time="4.651" classname="com.qa.hubspot.testcases.LoginPageTest"/>
  <testcase name="verifyLoginPageTitleTest" time="0.013" classname="com.qa.hubspot.testcases.LoginPageTest"/>
</testsuite> <!-- com.qa.hubspot.testcases.LoginPageTest -->
