<?xml version="1.0" encoding="UTF-8"?>
<!-- Generated by org.testng.reporters.JUnitReportReporter -->
<testsuite name="com.qa.hubspot.testcases.LoginPageTest" tests="3" time="26.740" ignored="0" failures="0" timestamp="15 Aug 2020 23:38:07 GMT" skipped="0" hostname="LAPTOP-U08S3ANA" errors="0">
  <testcase name="verifyLoginPageTitleTest" time="0.021" classname="com.qa.hubspot.testcases.LoginPageTest"/>
  <testcase name="doLoginTest" time="21.276" classname="com.qa.hubspot.testcases.LoginPageTest"/>
  <testcase name="verifySignUpLinkTest" time="5.443" classname="com.qa.hubspot.testcases.LoginPageTest"/>
</testsuite> <!-- com.qa.hubspot.testcases.LoginPageTest -->
